c:\users\martinm93\documents\github\gpsummer2014martinmattson\spaceshootersummer2014_martinmattson\spaceshootersummer2014_martinmattson\release\spaceshootersummer2014_martinmattson.pch
c:\users\martinm93\documents\github\gpsummer2014martinmattson\spaceshootersummer2014_martinmattson\spaceshootersummer2014_martinmattson\release\vc120.pdb
c:\users\martinm93\documents\github\gpsummer2014martinmattson\spaceshootersummer2014_martinmattson\spaceshootersummer2014_martinmattson\release\stdafx.obj
c:\users\martinm93\documents\github\gpsummer2014martinmattson\spaceshootersummer2014_martinmattson\spaceshootersummer2014_martinmattson\release\button.obj
c:\users\martinm93\documents\github\gpsummer2014martinmattson\spaceshootersummer2014_martinmattson\spaceshootersummer2014_martinmattson\release\bgm.obj
c:\users\martinm93\documents\github\gpsummer2014martinmattson\spaceshootersummer2014_martinmattson\spaceshootersummer2014_martinmattson\release\soundmngr.obj
c:\users\martinm93\documents\github\gpsummer2014martinmattson\spaceshootersummer2014_martinmattson\spaceshootersummer2014_martinmattson\release\optionsstate.obj
c:\users\martinm93\documents\github\gpsummer2014martinmattson\spaceshootersummer2014_martinmattson\spaceshootersummer2014_martinmattson\release\optionsitem1.obj
c:\users\martinm93\documents\github\gpsummer2014martinmattson\spaceshootersummer2014_martinmattson\spaceshootersummer2014_martinmattson\release\optionsobject.obj
c:\users\martinm93\documents\github\gpsummer2014martinmattson\spaceshootersummer2014_martinmattson\spaceshootersummer2014_martinmattson\release\optionsitem3.obj
c:\users\martinm93\documents\github\gpsummer2014martinmattson\spaceshootersummer2014_martinmattson\spaceshootersummer2014_martinmattson\release\optionsitem2.obj
c:\users\martinm93\documents\github\gpsummer2014martinmattson\spaceshootersummer2014_martinmattson\spaceshootersummer2014_martinmattson\release\optionsitem0.obj
c:\users\martinm93\documents\github\gpsummer2014martinmattson\spaceshootersummer2014_martinmattson\spaceshootersummer2014_martinmattson\release\musicmngr.obj
c:\users\martinm93\documents\github\gpsummer2014martinmattson\spaceshootersummer2014_martinmattson\spaceshootersummer2014_martinmattson\release\levelmngr.obj
c:\users\martinm93\documents\github\gpsummer2014martinmattson\spaceshootersummer2014_martinmattson\spaceshootersummer2014_martinmattson\release\levelitem.obj
c:\users\martinm93\documents\github\gpsummer2014martinmattson\spaceshootersummer2014_martinmattson\spaceshootersummer2014_martinmattson\release\gameoverstate.obj
c:\users\martinm93\documents\github\gpsummer2014martinmattson\spaceshootersummer2014_martinmattson\spaceshootersummer2014_martinmattson\release\enemyobject1.obj
c:\users\martinm93\documents\github\gpsummer2014martinmattson\spaceshootersummer2014_martinmattson\spaceshootersummer2014_martinmattson\release\creditsstate.obj
c:\users\martinm93\documents\github\gpsummer2014martinmattson\spaceshootersummer2014_martinmattson\spaceshootersummer2014_martinmattson\release\infoobject.obj
c:\users\martinm93\documents\github\gpsummer2014martinmattson\spaceshootersummer2014_martinmattson\spaceshootersummer2014_martinmattson\release\howtoplaystate.obj
c:\users\martinm93\documents\github\gpsummer2014martinmattson\spaceshootersummer2014_martinmattson\spaceshootersummer2014_martinmattson\release\enemyobject4.obj
c:\users\martinm93\documents\github\gpsummer2014martinmattson\spaceshootersummer2014_martinmattson\spaceshootersummer2014_martinmattson\release\enemyobject3.obj
c:\users\martinm93\documents\github\gpsummer2014martinmattson\spaceshootersummer2014_martinmattson\spaceshootersummer2014_martinmattson\release\enemyobject2.obj
c:\users\martinm93\documents\github\gpsummer2014martinmattson\spaceshootersummer2014_martinmattson\spaceshootersummer2014_martinmattson\release\sceneobject.obj
c:\users\martinm93\documents\github\gpsummer2014martinmattson\spaceshootersummer2014_martinmattson\spaceshootersummer2014_martinmattson\release\playerobject.obj
c:\users\martinm93\documents\github\gpsummer2014martinmattson\spaceshootersummer2014_martinmattson\spaceshootersummer2014_martinmattson\release\playerbulletobject.obj
c:\users\martinm93\documents\github\gpsummer2014martinmattson\spaceshootersummer2014_martinmattson\spaceshootersummer2014_martinmattson\release\menustate.obj
c:\users\martinm93\documents\github\gpsummer2014martinmattson\spaceshootersummer2014_martinmattson\spaceshootersummer2014_martinmattson\release\menuitem.obj
c:\users\martinm93\documents\github\gpsummer2014martinmattson\spaceshootersummer2014_martinmattson\spaceshootersummer2014_martinmattson\release\main.obj
c:\users\martinm93\documents\github\gpsummer2014martinmattson\spaceshootersummer2014_martinmattson\spaceshootersummer2014_martinmattson\release\keybmngr.obj
c:\users\martinm93\documents\github\gpsummer2014martinmattson\spaceshootersummer2014_martinmattson\spaceshootersummer2014_martinmattson\release\hudobject.obj
c:\users\martinm93\documents\github\gpsummer2014martinmattson\spaceshootersummer2014_martinmattson\spaceshootersummer2014_martinmattson\release\hitbox.obj
c:\users\martinm93\documents\github\gpsummer2014martinmattson\spaceshootersummer2014_martinmattson\spaceshootersummer2014_martinmattson\release\gamestate.obj
c:\users\martinm93\documents\github\gpsummer2014martinmattson\spaceshootersummer2014_martinmattson\spaceshootersummer2014_martinmattson\release\gameobjectmngr.obj
c:\users\martinm93\documents\github\gpsummer2014martinmattson\spaceshootersummer2014_martinmattson\spaceshootersummer2014_martinmattson\release\gameobject.obj
c:\users\martinm93\documents\github\gpsummer2014martinmattson\spaceshootersummer2014_martinmattson\spaceshootersummer2014_martinmattson\release\fontmngr.obj
c:\users\martinm93\documents\github\gpsummer2014martinmattson\spaceshootersummer2014_martinmattson\spaceshootersummer2014_martinmattson\release\font.obj
c:\users\martinm93\documents\github\gpsummer2014martinmattson\spaceshootersummer2014_martinmattson\spaceshootersummer2014_martinmattson\release\enemyobject0.obj
c:\users\martinm93\documents\github\gpsummer2014martinmattson\spaceshootersummer2014_martinmattson\spaceshootersummer2014_martinmattson\release\enemyobject.obj
c:\users\martinm93\documents\github\gpsummer2014martinmattson\spaceshootersummer2014_martinmattson\spaceshootersummer2014_martinmattson\release\enemybulletobject.obj
c:\users\martinm93\documents\github\gpsummer2014martinmattson\spaceshootersummer2014_martinmattson\spaceshootersummer2014_martinmattson\release\drawmngr.obj
c:\users\martinm93\documents\github\gpsummer2014martinmattson\spaceshootersummer2014_martinmattson\spaceshootersummer2014_martinmattson\release\core.obj
c:\users\martinm93\documents\github\gpsummer2014martinmattson\spaceshootersummer2014_martinmattson\spaceshootersummer2014_martinmattson\release\collisionmngr.obj
c:\users\martinm93\documents\github\gpsummer2014martinmattson\spaceshootersummer2014_martinmattson\spaceshootersummer2014_martinmattson\release\timemngr.obj
c:\users\martinm93\documents\github\gpsummer2014martinmattson\spaceshootersummer2014_martinmattson\spaceshootersummer2014_martinmattson\release\texture.obj
c:\users\martinm93\documents\github\gpsummer2014martinmattson\spaceshootersummer2014_martinmattson\spaceshootersummer2014_martinmattson\release\textitem.obj
c:\users\martinm93\documents\github\gpsummer2014martinmattson\spaceshootersummer2014_martinmattson\spaceshootersummer2014_martinmattson\release\scoremngr.obj
c:\users\martinm93\documents\github\gpsummer2014martinmattson\spaceshootersummer2014_martinmattson\spaceshootersummer2014_martinmattson\release\statemngr.obj
c:\users\martinm93\documents\github\gpsummer2014martinmattson\spaceshootersummer2014_martinmattson\spaceshootersummer2014_martinmattson\release\spritemngr.obj
c:\users\martinm93\documents\github\gpsummer2014martinmattson\spaceshootersummer2014_martinmattson\spaceshootersummer2014_martinmattson\release\sprite.obj
c:\users\martinm93\documents\github\gpsummer2014martinmattson\spaceshootersummer2014_martinmattson\spaceshootersummer2014_martinmattson\release\sfx.obj
c:\users\martinm93\documents\github\gpsummer2014martinmattson\spaceshootersummer2014_martinmattson\spaceshootersummer2014_martinmattson\release\scoreobject.obj
c:\users\martinm93\documents\github\gpsummer2014martinmattson\spaceshootersummer2014_martinmattson\release\spaceshootersummer2014_martinmattson.exe
c:\users\martinm93\documents\github\gpsummer2014martinmattson\spaceshootersummer2014_martinmattson\release\spaceshootersummer2014_martinmattson.pdb
c:\users\martinm93\documents\github\gpsummer2014martinmattson\spaceshootersummer2014_martinmattson\spaceshootersummer2014_martinmattson\release\spacesho.67d66d11.tlog\cl.command.1.tlog
c:\users\martinm93\documents\github\gpsummer2014martinmattson\spaceshootersummer2014_martinmattson\spaceshootersummer2014_martinmattson\release\spacesho.67d66d11.tlog\cl.read.1.tlog
c:\users\martinm93\documents\github\gpsummer2014martinmattson\spaceshootersummer2014_martinmattson\spaceshootersummer2014_martinmattson\release\spacesho.67d66d11.tlog\cl.write.1.tlog
c:\users\martinm93\documents\github\gpsummer2014martinmattson\spaceshootersummer2014_martinmattson\spaceshootersummer2014_martinmattson\release\spacesho.67d66d11.tlog\link.command.1.tlog
c:\users\martinm93\documents\github\gpsummer2014martinmattson\spaceshootersummer2014_martinmattson\spaceshootersummer2014_martinmattson\release\spacesho.67d66d11.tlog\link.read.1.tlog
c:\users\martinm93\documents\github\gpsummer2014martinmattson\spaceshootersummer2014_martinmattson\spaceshootersummer2014_martinmattson\release\spacesho.67d66d11.tlog\link.write.1.tlog
