Build started 2014-08-15 13:48:49.
     1>Project "C:\Users\MartinM93\Documents\GitHub\GPSummer2014MartinMattson\SpaceShooterSummer2014_MartinMattson\SpaceShooterSummer2014_MartinMattson\SpaceShooterSummer2014_MartinMattson.vcxproj" on node 2 (Build target(s)).
     1>ClCompile:
         C:\Program Files (x86)\Microsoft Visual Studio 11.0\VC\bin\CL.exe /c /I"..\deps\SFML-2.1\include" /ZI /nologo /W3 /WX- /Od /Oy- /D SWIN32 /D _DEBUG /D _CONSOLE /D _LIB /D _UNICODE /D UNICODE /Gm /EHsc /RTC1 /MDd /GS /fp:precise /Zc:wchar_t /Zc:forScope /Yc"stdafx.h" /Fp"Debug\SpaceShooterSummer2014_MartinMattson.pch" /Fo"Debug\\" /Fd"Debug\vc110.pdb" /Gd /TP /FIstdafx.h /analyze- /errorReport:prompt stdafx.cpp
         stdafx.cpp
         C:\Program Files (x86)\Microsoft Visual Studio 11.0\VC\bin\CL.exe /c /I"..\deps\SFML-2.1\include" /ZI /nologo /W3 /WX- /Od /Oy- /D SWIN32 /D _DEBUG /D _CONSOLE /D _LIB /D _UNICODE /D UNICODE /Gm /EHsc /RTC1 /MDd /GS /fp:precise /Zc:wchar_t /Zc:forScope /Yu"stdafx.h" /Fp"Debug\SpaceShooterSummer2014_MartinMattson.pch" /Fo"Debug\\" /Fd"Debug\vc110.pdb" /Gd /TP /FIstdafx.h /analyze- /errorReport:prompt Bgm.cpp Button.cpp CollisionMngr.cpp Core.cpp CreditsState.cpp DrawMngr.cpp EnemyBulletObject.cpp EnemyObject.cpp EnemyObject0.cpp EnemyObject1.cpp EnemyObject2.cpp EnemyObject3.cpp EnemyObject4.cpp Font.cpp FontMngr.cpp GameObject.cpp GameObjectMngr.cpp GameOverState.cpp GameState.cpp HUDObject.cpp Hitbox.cpp HowToPlayState.cpp InfoObject.cpp KeybMngr.cpp LevelItem.cpp LevelMngr.cpp Main.cpp MenuItem.cpp MenuState.cpp MusicMngr.cpp OptionsItem0.cpp OptionsItem1.cpp OptionsItem2.cpp OptionsItem3.cpp OptionsObject.cpp OptionsState.cpp PlayerBulletObject.cpp PlayerObject.cpp SceneObject.cpp ScoreMngr.cpp ScoreObject.cpp Sfx.cpp SoundMngr.cpp Sprite.cpp SpriteMngr.cpp StateMngr.cpp TextItem.cpp Texture.cpp TimeMngr.cpp
         OptionsObject.cpp
     1>c:\users\martinm93\documents\github\gpsummer2014martinmattson\spaceshootersummer2014_martinmattson\spaceshootersummer2014_martinmattson\optionsobject.cpp(25): warning C4018: '<' : signed/unsigned mismatch
     1>c:\users\martinm93\documents\github\gpsummer2014martinmattson\spaceshootersummer2014_martinmattson\spaceshootersummer2014_martinmattson\optionsobject.cpp(54): warning C4018: '>=' : signed/unsigned mismatch
     1>c:\users\martinm93\documents\github\gpsummer2014martinmattson\spaceshootersummer2014_martinmattson\spaceshootersummer2014_martinmattson\optionsobject.cpp(62): warning C4018: '>=' : signed/unsigned mismatch
         OptionsItem0.cpp
         GameState.cpp
         Core.cpp
     1>c:\users\martinm93\documents\github\gpsummer2014martinmattson\spaceshootersummer2014_martinmattson\spaceshootersummer2014_martinmattson\core.cpp(136): warning C4244: 'argument' : conversion from 'float' to 'int', possible loss of data
         Generating Code...
         Skipping... (no relevant changes detected)
         TimeMngr.cpp
         Texture.cpp
         TextItem.cpp
         StateMngr.cpp
         SpriteMngr.cpp
         Sprite.cpp
         SoundMngr.cpp
         Sfx.cpp
         ScoreObject.cpp
         ScoreMngr.cpp
         SceneObject.cpp
         PlayerObject.cpp
         PlayerBulletObject.cpp
         OptionsState.cpp
         OptionsItem3.cpp
         OptionsItem2.cpp
         OptionsItem1.cpp
         MusicMngr.cpp
         MenuState.cpp
         MenuItem.cpp
         Main.cpp
         LevelMngr.cpp
         LevelItem.cpp
         KeybMngr.cpp
         InfoObject.cpp
         HowToPlayState.cpp
         Hitbox.cpp
         HUDObject.cpp
         GameOverState.cpp
         GameObjectMngr.cpp
         GameObject.cpp
         FontMngr.cpp
         Font.cpp
         EnemyObject4.cpp
         EnemyObject3.cpp
         EnemyObject2.cpp
         EnemyObject1.cpp
         EnemyObject0.cpp
         EnemyObject.cpp
         EnemyBulletObject.cpp
         DrawMngr.cpp
         CreditsState.cpp
         CollisionMngr.cpp
         Button.cpp
         Bgm.cpp
       Link:
         C:\Program Files (x86)\Microsoft Visual Studio 11.0\VC\bin\link.exe /ERRORREPORT:PROMPT /OUT:"C:\Users\MartinM93\Documents\GitHub\GPSummer2014MartinMattson\SpaceShooterSummer2014_MartinMattson\Debug\SpaceShooterSummer2014_MartinMattson.exe" /INCREMENTAL /NOLOGO /LIBPATH:"..\deps\SFML-2.1\lib" "sfml-graphics-d.lib" "sfml-audio-d.lib" "sfml-window-d.lib" "sfml-system-d.lib" kernel32.lib user32.lib gdi32.lib winspool.lib comdlg32.lib advapi32.lib shell32.lib ole32.lib oleaut32.lib uuid.lib odbc32.lib odbccp32.lib kernel32.lib user32.lib gdi32.lib winspool.lib comdlg32.lib advapi32.lib shell32.lib ole32.lib oleaut32.lib uuid.lib odbc32.lib odbccp32.lib /MANIFEST /MANIFESTUAC:"level='asInvoker' uiAccess='false'" /manifest:embed /DEBUG /PDB:"C:\Users\MartinM93\Documents\GitHub\GPSummer2014MartinMattson\SpaceShooterSummer2014_MartinMattson\Debug\SpaceShooterSummer2014_MartinMattson.pdb" /SUBSYSTEM:CONSOLE /TLBID:1 /DYNAMICBASE /NXCOMPAT /IMPLIB:"C:\Users\MartinM93\Documents\GitHub\GPSummer2014MartinMattson\SpaceShooterSummer2014_MartinMattson\Debug\SpaceShooterSummer2014_MartinMattson.lib" /MACHINE:X86 Debug\EnemyObject2.obj
         Debug\EnemyObject3.obj
         Debug\EnemyObject4.obj
         Debug\HowToPlayState.obj
         Debug\InfoObject.obj
         Debug\CreditsState.obj
         Debug\EnemyObject1.obj
         Debug\GameOverState.obj
         Debug\LevelItem.obj
         Debug\LevelMngr.obj
         Debug\MusicMngr.obj
         Debug\OptionsItem0.obj
         Debug\OptionsItem2.obj
         Debug\OptionsItem3.obj
         Debug\OptionsObject.obj
         Debug\OptionsItem1.obj
         Debug\OptionsState.obj
         Debug\SoundMngr.obj
         Debug\Bgm.obj
         Debug\Button.obj
         Debug\CollisionMngr.obj
         Debug\Core.obj
         Debug\DrawMngr.obj
         Debug\EnemyBulletObject.obj
         Debug\EnemyObject.obj
         Debug\EnemyObject0.obj
         Debug\Font.obj
         Debug\FontMngr.obj
         Debug\GameObject.obj
         Debug\GameObjectMngr.obj
         Debug\GameState.obj
         Debug\Hitbox.obj
         Debug\HUDObject.obj
         Debug\KeybMngr.obj
         Debug\Main.obj
         Debug\MenuItem.obj
         Debug\MenuState.obj
         Debug\PlayerBulletObject.obj
         Debug\PlayerObject.obj
         Debug\SceneObject.obj
         Debug\ScoreObject.obj
         Debug\Sfx.obj
         Debug\Sprite.obj
         Debug\SpriteMngr.obj
         Debug\StateMngr.obj
         Debug\ScoreMngr.obj
         Debug\stdafx.obj
         Debug\TextItem.obj
         Debug\Texture.obj
         Debug\TimeMngr.obj
         SpaceShooterSummer2014_MartinMattson.vcxproj -> C:\Users\MartinM93\Documents\GitHub\GPSummer2014MartinMattson\SpaceShooterSummer2014_MartinMattson\Debug\SpaceShooterSummer2014_MartinMattson.exe
     1>Done Building Project "C:\Users\MartinM93\Documents\GitHub\GPSummer2014MartinMattson\SpaceShooterSummer2014_MartinMattson\SpaceShooterSummer2014_MartinMattson\SpaceShooterSummer2014_MartinMattson.vcxproj" (Build target(s)).

Build succeeded.

Time Elapsed 00:00:04.56
