c:\users\martinm93\documents\github\gpsummer2014martinmattson\spaceshootersummer2014_martinmattson\spaceshootersummer2014_martinmattson\debug\spaceshootersummer2014_martinmattson.pch
c:\users\martinm93\documents\github\gpsummer2014martinmattson\spaceshootersummer2014_martinmattson\spaceshootersummer2014_martinmattson\debug\stdafx.obj
c:\users\martinm93\documents\github\gpsummer2014martinmattson\spaceshootersummer2014_martinmattson\spaceshootersummer2014_martinmattson\debug\vc110.pdb
c:\users\martinm93\documents\github\gpsummer2014martinmattson\spaceshootersummer2014_martinmattson\spaceshootersummer2014_martinmattson\debug\gameobjectmngr.obj
c:\users\martinm93\documents\github\gpsummer2014martinmattson\spaceshootersummer2014_martinmattson\spaceshootersummer2014_martinmattson\debug\gamestate.obj
c:\users\martinm93\documents\github\gpsummer2014martinmattson\spaceshootersummer2014_martinmattson\spaceshootersummer2014_martinmattson\debug\hitbox.obj
c:\users\martinm93\documents\github\gpsummer2014martinmattson\spaceshootersummer2014_martinmattson\spaceshootersummer2014_martinmattson\debug\hudobject.obj
c:\users\martinm93\documents\github\gpsummer2014martinmattson\spaceshootersummer2014_martinmattson\spaceshootersummer2014_martinmattson\debug\keybmngr.obj
c:\users\martinm93\documents\github\gpsummer2014martinmattson\spaceshootersummer2014_martinmattson\spaceshootersummer2014_martinmattson\debug\main.obj
c:\users\martinm93\documents\github\gpsummer2014martinmattson\spaceshootersummer2014_martinmattson\spaceshootersummer2014_martinmattson\debug\menuitem.obj
c:\users\martinm93\documents\github\gpsummer2014martinmattson\spaceshootersummer2014_martinmattson\spaceshootersummer2014_martinmattson\debug\menustate.obj
c:\users\martinm93\documents\github\gpsummer2014martinmattson\spaceshootersummer2014_martinmattson\spaceshootersummer2014_martinmattson\debug\playerbulletobject.obj
c:\users\martinm93\documents\github\gpsummer2014martinmattson\spaceshootersummer2014_martinmattson\spaceshootersummer2014_martinmattson\debug\playerobject.obj
c:\users\martinm93\documents\github\gpsummer2014martinmattson\spaceshootersummer2014_martinmattson\spaceshootersummer2014_martinmattson\debug\sceneobject.obj
c:\users\martinm93\documents\github\gpsummer2014martinmattson\spaceshootersummer2014_martinmattson\spaceshootersummer2014_martinmattson\debug\scoreobject.obj
c:\users\martinm93\documents\github\gpsummer2014martinmattson\spaceshootersummer2014_martinmattson\spaceshootersummer2014_martinmattson\debug\sfx.obj
c:\users\martinm93\documents\github\gpsummer2014martinmattson\spaceshootersummer2014_martinmattson\spaceshootersummer2014_martinmattson\debug\sprite.obj
c:\users\martinm93\documents\github\gpsummer2014martinmattson\spaceshootersummer2014_martinmattson\spaceshootersummer2014_martinmattson\debug\spritemngr.obj
c:\users\martinm93\documents\github\gpsummer2014martinmattson\spaceshootersummer2014_martinmattson\spaceshootersummer2014_martinmattson\debug\statemngr.obj
c:\users\martinm93\documents\github\gpsummer2014martinmattson\spaceshootersummer2014_martinmattson\spaceshootersummer2014_martinmattson\debug\scoremngr.obj
c:\users\martinm93\documents\github\gpsummer2014martinmattson\spaceshootersummer2014_martinmattson\spaceshootersummer2014_martinmattson\debug\textitem.obj
c:\users\martinm93\documents\github\gpsummer2014martinmattson\spaceshootersummer2014_martinmattson\spaceshootersummer2014_martinmattson\debug\texture.obj
c:\users\martinm93\documents\github\gpsummer2014martinmattson\spaceshootersummer2014_martinmattson\spaceshootersummer2014_martinmattson\debug\timemngr.obj
c:\users\martinm93\documents\github\gpsummer2014martinmattson\spaceshootersummer2014_martinmattson\spaceshootersummer2014_martinmattson\debug\levelmngr.obj
c:\users\martinm93\documents\github\gpsummer2014martinmattson\spaceshootersummer2014_martinmattson\spaceshootersummer2014_martinmattson\debug\musicmngr.obj
c:\users\martinm93\documents\github\gpsummer2014martinmattson\spaceshootersummer2014_martinmattson\spaceshootersummer2014_martinmattson\debug\optionsitem0.obj
c:\users\martinm93\documents\github\gpsummer2014martinmattson\spaceshootersummer2014_martinmattson\spaceshootersummer2014_martinmattson\debug\optionsitem2.obj
c:\users\martinm93\documents\github\gpsummer2014martinmattson\spaceshootersummer2014_martinmattson\spaceshootersummer2014_martinmattson\debug\optionsitem3.obj
c:\users\martinm93\documents\github\gpsummer2014martinmattson\spaceshootersummer2014_martinmattson\spaceshootersummer2014_martinmattson\debug\optionsobject.obj
c:\users\martinm93\documents\github\gpsummer2014martinmattson\spaceshootersummer2014_martinmattson\spaceshootersummer2014_martinmattson\debug\optionsitem1.obj
c:\users\martinm93\documents\github\gpsummer2014martinmattson\spaceshootersummer2014_martinmattson\spaceshootersummer2014_martinmattson\debug\optionsstate.obj
c:\users\martinm93\documents\github\gpsummer2014martinmattson\spaceshootersummer2014_martinmattson\spaceshootersummer2014_martinmattson\debug\soundmngr.obj
c:\users\martinm93\documents\github\gpsummer2014martinmattson\spaceshootersummer2014_martinmattson\spaceshootersummer2014_martinmattson\debug\bgm.obj
c:\users\martinm93\documents\github\gpsummer2014martinmattson\spaceshootersummer2014_martinmattson\spaceshootersummer2014_martinmattson\debug\button.obj
c:\users\martinm93\documents\github\gpsummer2014martinmattson\spaceshootersummer2014_martinmattson\spaceshootersummer2014_martinmattson\debug\collisionmngr.obj
c:\users\martinm93\documents\github\gpsummer2014martinmattson\spaceshootersummer2014_martinmattson\spaceshootersummer2014_martinmattson\debug\core.obj
c:\users\martinm93\documents\github\gpsummer2014martinmattson\spaceshootersummer2014_martinmattson\spaceshootersummer2014_martinmattson\debug\drawmngr.obj
c:\users\martinm93\documents\github\gpsummer2014martinmattson\spaceshootersummer2014_martinmattson\spaceshootersummer2014_martinmattson\debug\enemybulletobject.obj
c:\users\martinm93\documents\github\gpsummer2014martinmattson\spaceshootersummer2014_martinmattson\spaceshootersummer2014_martinmattson\debug\enemyobject.obj
c:\users\martinm93\documents\github\gpsummer2014martinmattson\spaceshootersummer2014_martinmattson\spaceshootersummer2014_martinmattson\debug\enemyobject0.obj
c:\users\martinm93\documents\github\gpsummer2014martinmattson\spaceshootersummer2014_martinmattson\spaceshootersummer2014_martinmattson\debug\font.obj
c:\users\martinm93\documents\github\gpsummer2014martinmattson\spaceshootersummer2014_martinmattson\spaceshootersummer2014_martinmattson\debug\fontmngr.obj
c:\users\martinm93\documents\github\gpsummer2014martinmattson\spaceshootersummer2014_martinmattson\spaceshootersummer2014_martinmattson\debug\gameobject.obj
c:\users\martinm93\documents\github\gpsummer2014martinmattson\spaceshootersummer2014_martinmattson\spaceshootersummer2014_martinmattson\debug\enemyobject2.obj
c:\users\martinm93\documents\github\gpsummer2014martinmattson\spaceshootersummer2014_martinmattson\spaceshootersummer2014_martinmattson\debug\enemyobject3.obj
c:\users\martinm93\documents\github\gpsummer2014martinmattson\spaceshootersummer2014_martinmattson\spaceshootersummer2014_martinmattson\debug\enemyobject4.obj
c:\users\martinm93\documents\github\gpsummer2014martinmattson\spaceshootersummer2014_martinmattson\spaceshootersummer2014_martinmattson\debug\howtoplaystate.obj
c:\users\martinm93\documents\github\gpsummer2014martinmattson\spaceshootersummer2014_martinmattson\spaceshootersummer2014_martinmattson\debug\infoobject.obj
c:\users\martinm93\documents\github\gpsummer2014martinmattson\spaceshootersummer2014_martinmattson\spaceshootersummer2014_martinmattson\debug\creditsstate.obj
c:\users\martinm93\documents\github\gpsummer2014martinmattson\spaceshootersummer2014_martinmattson\spaceshootersummer2014_martinmattson\debug\enemyobject1.obj
c:\users\martinm93\documents\github\gpsummer2014martinmattson\spaceshootersummer2014_martinmattson\spaceshootersummer2014_martinmattson\debug\gameoverstate.obj
c:\users\martinm93\documents\github\gpsummer2014martinmattson\spaceshootersummer2014_martinmattson\spaceshootersummer2014_martinmattson\debug\levelitem.obj
c:\users\martinm93\documents\github\gpsummer2014martinmattson\spaceshootersummer2014_martinmattson\debug\spaceshootersummer2014_martinmattson.ilk
c:\users\martinm93\documents\github\gpsummer2014martinmattson\spaceshootersummer2014_martinmattson\debug\spaceshootersummer2014_martinmattson.exe
c:\users\martinm93\documents\github\gpsummer2014martinmattson\spaceshootersummer2014_martinmattson\debug\spaceshootersummer2014_martinmattson.pdb
c:\users\martinm93\documents\github\gpsummer2014martinmattson\spaceshootersummer2014_martinmattson\spaceshootersummer2014_martinmattson\debug\cl.command.1.tlog
c:\users\martinm93\documents\github\gpsummer2014martinmattson\spaceshootersummer2014_martinmattson\spaceshootersummer2014_martinmattson\debug\cl.read.1.tlog
c:\users\martinm93\documents\github\gpsummer2014martinmattson\spaceshootersummer2014_martinmattson\spaceshootersummer2014_martinmattson\debug\cl.write.1.tlog
c:\users\martinm93\documents\github\gpsummer2014martinmattson\spaceshootersummer2014_martinmattson\spaceshootersummer2014_martinmattson\debug\link-cvtres.read.1.tlog
c:\users\martinm93\documents\github\gpsummer2014martinmattson\spaceshootersummer2014_martinmattson\spaceshootersummer2014_martinmattson\debug\link-cvtres.write.1.tlog
c:\users\martinm93\documents\github\gpsummer2014martinmattson\spaceshootersummer2014_martinmattson\spaceshootersummer2014_martinmattson\debug\link-rc.read.1.tlog
c:\users\martinm93\documents\github\gpsummer2014martinmattson\spaceshootersummer2014_martinmattson\spaceshootersummer2014_martinmattson\debug\link-rc.write.1.tlog
c:\users\martinm93\documents\github\gpsummer2014martinmattson\spaceshootersummer2014_martinmattson\spaceshootersummer2014_martinmattson\debug\link.10160-cvtres.read.1.tlog
c:\users\martinm93\documents\github\gpsummer2014martinmattson\spaceshootersummer2014_martinmattson\spaceshootersummer2014_martinmattson\debug\link.10160-cvtres.write.1.tlog
c:\users\martinm93\documents\github\gpsummer2014martinmattson\spaceshootersummer2014_martinmattson\spaceshootersummer2014_martinmattson\debug\link.10160-rc.read.1.tlog
c:\users\martinm93\documents\github\gpsummer2014martinmattson\spaceshootersummer2014_martinmattson\spaceshootersummer2014_martinmattson\debug\link.10160-rc.write.1.tlog
c:\users\martinm93\documents\github\gpsummer2014martinmattson\spaceshootersummer2014_martinmattson\spaceshootersummer2014_martinmattson\debug\link.10160.read.1.tlog
c:\users\martinm93\documents\github\gpsummer2014martinmattson\spaceshootersummer2014_martinmattson\spaceshootersummer2014_martinmattson\debug\link.10160.write.1.tlog
c:\users\martinm93\documents\github\gpsummer2014martinmattson\spaceshootersummer2014_martinmattson\spaceshootersummer2014_martinmattson\debug\link.command.1.tlog
c:\users\martinm93\documents\github\gpsummer2014martinmattson\spaceshootersummer2014_martinmattson\spaceshootersummer2014_martinmattson\debug\link.read.1.tlog
c:\users\martinm93\documents\github\gpsummer2014martinmattson\spaceshootersummer2014_martinmattson\spaceshootersummer2014_martinmattson\debug\link.write.1.tlog
c:\users\martinm93\documents\github\gpsummer2014martinmattson\spaceshootersummer2014_martinmattson\spaceshootersummer2014_martinmattson\debug\vc110.idb
